50 48.4 82
45 45.0 90
48 46.0 32
44 42.8 92
50 48.4 76
51 49.4 106
47 47.4 84
52 52.4 34
46 46.0 56
49 48.8 82
47 47.6 114
45 45.8 82
49 49.4 82
49 47.8 80
48 46.4 32
52 53.2 34
49 48.6 78
46 47.8 30
49 50.0 80
50 51.8 84
46 47.0 56
46 46.6 40
47 45.2 114
44 42.8 102
42 40.0 104
52 52.8 34
48 48.6 48
41 42.6 118
49 49.8 78
47 48.6 84
43 44.4 116
45 45.6 92
48 48.6 30
44 45.8 68
45 43.0 82
41 39.8 118
42 43.0 104
49 50.0 72
43 44.8 94
49 49.6 78
48 47.6 30
51 49.0 66
44 43.8 72
47 47.6 84
52 54.0 68
45 45.2 100
49 50.2 80
50 49.0 82
51 50.8 66
44 44.2 92
45 44.0 98
49 48.4 78
48 47.2 30
42 40.8 104
47 45.8 84
40 39.6 114
50 51.2 84
44 44.4 72
51 49.0 106
43 43.8 94
43 41.0 94
50 50.8 84
41 42.0 118
44 44.0 68
52 51.8 68
50 50.0 84
45 44.6 90
56 54.0 40
45 44.8 98
54 52.2 24
48 49.2 48
44 45.8 70
56 56.0 40
43 41.6 94
49 50.8 80
50 48.0 76
51 49.6 66
48 49.8 30
47 48.0 84
50 49.4 76
52 53.0 114
44 43.6 68
41 40.4 106
46 46.6 56
42 42.0 104
54 52.4 24
45 43.6 92
41 41.6 106
50 50.4 82
40 40.6 114
55 56.6 40
46 47.2 56
44 43.8 102
48 48.0 32
49 48.0 72
52 54.0 34
46 47.4 56
45 46.2 92
44 42.2 70
41 39.6 106
52 52.8 68
56 57.4 40
45 47.0 94
46 44.6 30
52 51.8 70
47 49.0 84
54 55.8 24
50 49.6 84
54 54.4 24
45 45.0 94
49 48.8 72
46 45.2 40
50 49.2 76
45 45.4 94
50 48.4 72
41 41.0 118
55 57.0 40
50 51.2 76
45 45.8 90
46 45.0 56
46 47.8 56
44 44.6 102
42 42.2 104
44 44.8 72
40 40.8 114
46 47.0 40
40 38.0 114
52 52.6 70
40 41.0 114
44 44.6 70
40 38.8 114
47 49.0 114
42 42.8 104
40 38.4 114
47 48.6 114
56 56.8 40
45 45.2 90
45 45.6 100
52 52.4 114
41 43.0 106
49 47.2 78
40 38.2 114
41 41.8 118
46 44.2 40
52 53.4 70
44 45.6 102
45 43.0 94
48 47.8 30
52 52.2 70
49 49.0 82
45 46.4 82
43 42.4 116
45 46.0 90
41 43.0 118
50 51.0 82
50 49.4 84
48 47.8 48
45 44.2 98
56 55.0 40
52 53.4 114
55 54.4 40
44 44.8 102
48 47.0 30
52 53.6 114
48 46.6 48
40 42.0 114
52 50.8 34
44 42.8 72
50 51.6 76
44 46.0 72
56 55.4 40
54 54.6 24
52 52.6 68
47 45.8 114
46 47.4 30
43 43.0 116
52 52.2 114
46 44.4 30
45 46.4 92
46 44.0 30
40 38.6 114
52 53.6 34
45 45.6 98
40 39.8 114
45 44.8 94
43 42.2 94
55 54.0 40
45 44.4 92
43 45.0 116
49 50.6 78
54 52.0 24
44 43.0 92
51 49.8 66
44 45.2 68
43 41.6 116
52 52.4 70
44 43.4 72
44 43.0 72
44 43.2 102
56 57.2 40
46 44.6 40
45 46.2 100
48 48.0 48
50 51.0 76
43 42.2 116
47 46.4 84
48 48.4 32
48 49.2 30
48 48.2 30
52 51.4 114
46 44.8 56
55 56.8 40
44 44.6 68
51 49.4 66
44 42.6 72
56 56.2 40
46 45.4 40
44 42.0 70
42 43.8 104
51 52.2 106
50 51.8 72
46 45.4 56
45 43.2 98
48 49.4 32
45 47.0 98
44 43.4 92
45 45.8 94
56 57.8 40
41 39.8 106
45 46.6 94
46 46.2 30
55 56.0 40
44 45.8 102
44 43.2 68
41 40.2 106
52 52.8 114
41 41.8 106
50 48.8 76
50 48.0 82
54 55.4 24
45 45.6 90
46 48.0 30
51 51.8 106
44 44.0 70
40 41.4 114
52 51.2 114
50 51.0 72
40 41.8 114
49 50.8 78
49 50.6 72
44 46.0 92
45 46.0 100
47 47.8 84
52 50.2 70
44 43.0 102
50 50.2 82
48 49.0 32
49 47.4 78
44 42.6 102
45 45.2 94
41 40.4 118
46 47.2 30
45 45.6 82
47 47.0 114
42 40.4 104
41 42.6 106
45 43.0 90
50 50.6 84
46 45.2 30
49 47.2 82
45 46.8 82
56 54.2 40
46 45.8 56
44 45.8 92
54 52.6 24
45 46.8 98
41 40.8 106
45 44.8 100
44 45.6 92
48 47.4 48
45 43.2 100
49 51.0 82
44 43.2 70
52 53.4 34
45 43.4 90
55 54.8 40
56 58.0 40
49 49.6 80
44 43.6 92
51 50.2 106
42 42.6 104
50 50.6 76
44 45.2 70
41 40.2 118
49 48.2 78
49 48.6 72
45 43.6 100
49 49.4 80
50 51.8 82
45 46.0 94
42 40.6 104
52 50.2 68
43 43.6 94
52 51.0 68
49 49.8 72
44 42.4 70
44 45.0 68
46 45.8 40
45 45.6 94
48 48.8 32
50 51.4 72
49 50.0 78
45 44.8 90
56 55.2 40
44 45.4 68
56 54.8 40
46 47.0 30
49 48.6 82
47 45.0 84
48 46.2 30
44 45.4 102
45 43.4 100
45 44.0 92
50 48.6 84
42 43.6 104
47 47.2 84
46 47.2 40
51 49.2 106
43 43.6 116
41 41.6 118
49 50.6 82
50 51.6 82
50 49.8 76
50 51.6 72
45 45.8 100
49 47.8 78
45 44.6 100
43 41.2 94
45 47.0 100
43 41.0 116
50 51.8 76
45 43.2 94
50 50.2 72
52 50.6 34
45 43.2 82
52 51.4 68
45 44.4 98
47 48.2 114
44 43.8 68
43 42.8 116
55 54.6 40
44 45.4 70
45 45.8 98
56 56.4 40
46 48.0 56
46 46.8 40
49 48.8 80
44 44.2 70
44 44.4 102
44 43.6 72
48 49.6 32
45 46.6 100
43 41.2 116
52 50.0 34
45 46.8 90
51 50.4 66
49 48.0 78
49 48.4 80
48 47.4 32
45 45.2 98
50 48.8 82
47 47.0 84
45 45.4 92
43 44.6 116
45 46.2 94
51 52.6 106
55 55.4 40
52 51.0 34
52 53.2 70
48 46.8 32
50 48.0 84
46 48.0 40
52 52.6 34
49 48.2 80
44 44.0 102
44 42.6 92
45 45.0 92
52 51.4 70
56 57.6 40
44 43.0 70
45 43.4 92
47 48.0 114
50 49.0 76
56 54.4 40
47 46.6 84
55 55.0 40
52 51.0 114
49 49.2 82
47 46.2 84
45 44.6 92
50 50.6 72
44 44.2 68
52 50.4 34
49 47.8 82
48 46.4 30
49 49.0 72
49 50.8 72
50 50.0 72
44 42.4 72
49 50.0 82
50 51.4 82
50 52.0 84
45 46.8 100
55 53.4 40
49 47.4 72
44 42.4 68
42 44.0 104
41 40.0 118
44 42.4 102
49 47.2 72
46 46.2 40
55 56.2 40
44 42.2 92
47 46.8 114
51 50.0 66
49 47.6 82
48 47.0 48
41 42.0 106
51 51.8 66
50 49.4 82
52 53.8 34
52 52.6 114
52 54.0 70
55 56.4 40
48 50.0 30
51 50.6 66
43 41.8 94
50 49.0 84
45 45.4 98
42 43.2 104
54 54.0 24
43 44.8 116
47 45.4 114
45 43.4 94
47 48.2 84
54 55.0 24
50 50.4 84
45 43.8 100
46 45.6 56
45 44.6 82
50 49.8 72
43 43.4 94
50 50.0 76
46 47.4 40
44 42.0 92
51 51.6 106
41 39.6 118
45 46.4 98
50 48.2 82
52 53.2 114
48 46.6 30
49 50.2 72
45 43.2 90
50 50.2 76
52 51.6 114
45 44.4 100
44 44.8 92
51 51.6 66
52 53.0 70
44 45.6 70
44 44.6 92
50 50.4 76
46 45.8 30
45 46.6 82
43 42.4 94
49 51.0 78
52 50.0 114
49 47.4 82
51 50.4 106
52 53.8 70
49 49.2 72
45 43.6 82
54 53.2 24
48 46.2 48
43 43.2 116
50 49.2 84
40 41.2 114
55 53.8 40
49 47.8 72
42 41.2 104
41 40.6 118
50 49.4 72
52 53.6 68
45 46.2 90
45 45.0 100
44 42.2 72
45 44.2 100
52 53.4 68
45 43.0 98
41 39.4 118
45 47.0 92
52 53.0 34
43 43.2 94
52 51.6 70
50 48.4 84
50 48.6 72
45 44.2 94
45 43.8 92
50 49.0 72
50 49.6 72
45 45.8 92
47 45.4 84
52 51.8 34
43 41.4 116
52 52.2 34
40 41.6 114
46 44.2 56
46 45.6 30
50 49.2 72
49 49.2 78
46 44.0 40
42 41.6 104
51 53.0 66
56 57.0 40
48 47.2 48
55 55.6 40
51 52.4 106
43 44.4 94
56 55.6 40
52 53.6 70
49 49.0 80
50 51.2 72
48 48.6 32
41 39.2 118
54 53.0 24
41 42.4 118
55 53.6 40
50 49.8 84
42 40.2 104
45 43.4 98
48 47.6 32
44 43.8 70
48 47.6 48
55 53.2 40
45 43.4 82
52 52.8 70
48 46.0 30
51 49.8 106
49 48.6 80
45 44.2 90
49 49.0 78
48 47.2 32
46 46.4 56
44 42.8 70
52 51.2 34
45 43.8 90
44 46.0 70
47 46.0 114
45 46.0 92
44 45.0 102
52 54.0 114
44 44.4 70
51 52.0 106
45 46.4 94
41 42.2 118
47 48.8 84
41 42.2 106
49 49.4 78
54 54.2 24
40 39.0 114
44 45.8 72
52 50.6 114
44 44.2 102
48 49.8 32
50 50.4 72
46 45.4 30
48 49.8 48
46 47.6 30
46 44.2 30
46 44.6 56
45 44.0 94
50 48.6 82
42 42.4 104
46 44.0 56
42 43.4 104
45 43.6 90
44 43.6 70
46 46.0 40
48 48.2 48
52 50.4 70
48 49.2 32
50 51.6 84
44 45.2 92
44 46.0 68
48 48.0 30
51 50.6 106
45 46.2 82
44 44.4 68
43 43.4 116
51 50.2 66
42 41.4 104
44 42.0 102
52 53.0 68
45 45.2 82
48 49.4 30
41 40.6 106
47 47.4 114
45 43.2 92
44 42.2 68
45 44.2 82
45 46.6 92
43 44.6 94
46 46.0 30
50 48.6 76
49 48.0 82
47 46.2 114
43 41.8 116
44 43.4 68
45 47.0 82
51 52.6 66
46 45.0 30
51 51.0 106
47 45.0 114
50 50.8 72
45 46.0 82
44 42.4 92
47 46.4 114
44 44.8 70
44 44.0 72
52 51.6 34
40 40.0 114
44 44.6 72
47 45.6 84
54 54.8 24
49 47.6 72
47 46.6 114
48 47.0 32
52 50.4 68
43 45.0 94
44 42.8 68
48 49.0 30
46 46.2 56
45 45.2 92
50 48.8 84
43 43.8 116
49 47.0 78
44 43.6 102
52 50.0 68
52 52.0 70
49 48.2 82
47 47.2 114
43 44.0 116
51 51.4 106
52 52.2 68
45 45.0 98
49 49.6 72
45 43.8 98
49 47.0 82
41 42.4 106
49 51.0 80
45 43.8 82
49 50.8 82
45 45.4 100
52 50.6 70
45 44.6 98
44 45.2 72
43 42.0 94
49 48.4 72
44 44.8 68
40 40.4 114
51 49.6 106
52 51.0 70
52 52.0 114
50 52.0 82
48 49.0 48
51 50.8 106
41 42.8 106
47 48.4 114
54 56.0 24
50 50.8 82
51 50.0 106
47 48.8 114
50 50.0 82
45 44.0 90
52 52.0 68
45 44.4 82
41 39.0 118
46 45.0 40
46 44.8 30
52 51.8 114
48 49.6 48
45 44.4 94
41 41.4 118
51 51.4 66
46 46.8 56
47 45.2 84
51 53.0 106
48 48.8 30
41 40.0 106
48 46.2 32
49 49.8 80
50 48.2 76
44 43.4 70
48 47.8 32
49 48.0 80
54 53.8 24
56 54.6 40
45 43.6 94
43 43.0 94
48 48.4 30
49 50.6 80
48 48.2 32
48 46.8 48
52 52.4 68
47 45.6 114
43 42.8 94
48 50.0 48
44 42.6 70
43 42.0 116
44 42.0 72
45 46.4 90
44 44.4 92
45 46.2 98
46 47.8 40
49 47.0 72
44 42.0 68
44 45.4 92
47 46.0 84
49 50.4 80
41 41.2 106
52 51.2 68
50 49.6 82
44 46.0 102
44 44.0 92
49 50.4 78
45 44.8 82
44 45.2 102
41 41.2 118
49 49.2 80
50 50.8 76
49 51.0 72
47 47.8 114
50 51.2 82
52 50.6 68
55 55.2 40
46 46.8 30
49 47.0 80
51 52.8 106
41 39.4 106
49 48.4 82
52 53.2 68
44 45.0 72
44 42.6 68
50 52.0 72
45 45.4 82
45 43.0 92
50 50.6 82
48 46.8 30
45 46.8 92
46 47.6 40
43 44.2 116
47 48.4 84
40 39.2 114
46 46.6 30
44 43.0 68
40 40.2 114
45 46.6 98
46 47.6 56
50 51.0 84
45 44.2 92
45 43.8 94
46 46.4 40
45 44.0 100
45 45.0 82
44 43.2 72
51 52.2 66
49 50.4 82
54 53.4 24
48 46.4 48
45 44.6 94
52 52.0 34
56 56.6 40
52 50.2 34
51 51.0 66
46 45.6 40
49 48.2 72
45 46.6 90
49 47.6 78
43 44.2 94
50 51.4 84
46 44.4 56
45 43.0 100
50 49.6 76
41 42.8 118
55 54.2 40
46 44.4 40
55 55.8 40
46 46.4 30
44 42.2 102
41 39.0 106
41 39.2 106
48 46.0 48
44 43.4 102
49 47.2 80
50 48.8 72
40 39.4 114
44 45.0 70
45 44.8 92
51 52.8 66
43 44.0 94
49 49.8 82
49 47.4 80
50 49.8 82
45 44.4 90
48 50.0 32
43 41.4 94
52 51.2 70
44 43.2 92
45 44.0 82
49 50.4 72
42 41.8 104
41 41.0 106
50 48.2 72
50 51.4 76
45 46.8 94
45 43.6 98
51 51.2 106
48 49.4 48
45 46.0 98
41 41.4 106
52 50.8 70
52 53.8 114
48 48.8 48
44 43.8 92
49 50.2 82
50 48.2 84
48 46.6 32
52 51.6 68
49 50.2 78
49 49.4 72
52 50.0 70
54 52.8 24
44 45.6 68
56 55.8 40
41 40.8 118
51 51.2 66
47 46.8 84
44 45.6 72
49 48.8 78
54 53.6 24
50 48.0 72
51 52.4 66
44 45.0 92
44 45.4 72
42 41.0 104
44 44.2 72
46 45.2 56
43 42.6 94
52 53.8 68
48 49.6 30
51 52.0 66
52 50.4 114
52 50.2 114
55 53.0 40
45 46.4 100
51 49.2 66
50 49.2 82
52 51.4 34
50 50.2 84
54 55.2 24
52 50.8 68
48 47.4 30
46 44.8 40
45 45.4 90
49 49.6 82
54 55.6 24
48 48.4 48
52 50.8 114
50 52.0 76
49 47.6 80
45 47.0 90
43 42.6 116
