55 56.4 100
54 55.0 64
47 46.6 86
47 45.4 86
41 42.8 50
55 53.2 52
54 52.2 66
55 53.4 98
49 48.6 78
43 43.2 40
54 52.4 66
43 42.6 40
54 52.8 66
52 52.6 98
52 50.0 74
55 54.4 18
54 53.6 66
41 39.4 36
49 49.8 78
52 52.2 74
41 42.2 50
56 54.8 114
52 53.6 98
41 41.6 36
54 53.2 64
55 56.0 98
41 43.0 50
49 49.6 78
52 51.6 98
51 49.8 92
51 51.6 92
54 52.8 56
54 54.2 56
47 45.2 40
49 48.4 78
54 55.0 50
50 49.2 34
43 41.8 40
50 52.0 34
54 52.4 68
55 56.0 100
54 52.2 64
41 39.2 36
47 46.2 86
52 50.0 98
54 52.0 68
43 44.8 40
41 40.6 36
55 56.0 18
52 52.2 98
42 41.8 96
41 40.2 36
55 55.8 18
50 51.6 34
45 45.8 46
54 55.6 50
41 41.8 36
55 55.4 18
55 53.0 52
42 40.8 96
55 56.2 100
55 54.8 52
55 56.6 100
56 56.2 114
47 47.6 40
41 39.4 50
54 55.4 56
55 56.8 52
55 53.2 48
43 44.6 40
54 54.6 66
56 57.6 114
55 54.8 18
45 46.4 46
55 54.8 100
51 52.6 92
55 54.6 48
55 55.6 48
54 55.6 68
45 45.0 46
45 47.0 46
56 58.0 114
55 55.0 18
43 41.4 40
45 46.8 46
54 54.6 56
52 50.2 74
55 55.8 52
52 53.0 98
45 43.0 46
55 54.2 48
54 53.8 56
41 41.0 36
49 47.2 78
55 54.8 98
56 54.0 114
55 53.4 18
54 53.2 68
51 49.4 92
55 55.2 18
54 52.6 68
42 40.2 96
55 54.6 18
55 55.4 100
41 41.4 50
55 56.2 48
50 48.8 34
54 56.0 50
47 45.4 40
47 48.8 86
55 56.2 52
47 47.2 40
45 43.8 46
49 50.6 78
55 56.4 48
54 52.4 56
43 43.0 40
45 43.2 46
43 42.4 40
54 55.6 56
47 48.0 40
55 53.8 100
54 52.2 50
56 56.6 114
54 52.0 66
42 40.0 96
41 40.4 36
56 55.4 114
55 56.4 98
41 39.2 50
52 50.8 98
52 51.8 74
55 57.0 52
56 56.8 114
54 56.0 64
54 55.2 50
51 50.0 92
55 54.6 52
42 42.8 96
51 52.2 92
55 54.0 48
52 52.6 74
55 54.0 52
47 45.6 86
42 43.4 96
55 57.0 98
55 56.4 18
55 53.6 18
49 47.4 78
55 55.6 100
54 53.8 64
42 42.6 96
52 53.4 74
41 41.2 50
47 46.2 40
54 54.8 56
55 55.0 98
52 53.2 98
52 51.4 74
41 40.2 50
45 45.2 46
47 46.4 40
55 55.2 100
54 52.6 64
54 52.0 56
49 48.2 78
55 53.6 98
54 52.6 56
49 50.4 78
54 52.8 68
54 55.4 66
51 50.6 92
54 53.6 68
55 55.8 100
55 54.4 100
54 54.4 64
54 53.4 64
49 50.0 78
55 54.6 98
47 45.2 86
50 51.2 34
54 54.2 50
55 56.4 52
55 53.6 52
52 52.4 74
42 43.8 96
41 39.6 50
51 53.0 92
55 55.4 98
55 56.6 48
56 57.8 114
45 44.6 46
45 46.0 46
41 40.4 50
49 47.8 78
43 43.6 40
50 50.6 34
43 42.2 40
55 56.8 98
41 39.8 36
55 54.6 100
52 53.0 74
47 46.8 86
54 53.0 66
54 56.0 68
52 52.0 98
45 46.6 46
51 49.2 92
52 53.8 74
54 54.2 64
45 46.2 46
54 54.8 68
54 55.4 50
54 53.8 68
47 45.8 40
45 44.2 46
54 54.6 68
47 48.4 86
52 52.8 98
52 50.6 98
47 47.8 40
54 54.0 64
56 54.6 114
54 54.0 56
56 55.2 114
55 54.4 48
54 55.2 64
54 52.4 64
54 52.8 64
47 48.2 40
54 53.6 64
54 54.4 68
52 53.6 74
47 48.6 86
50 51.4 34
47 47.6 86
41 40.6 50
52 52.8 74
41 39.6 36
49 48.0 78
41 40.0 36
54 55.0 56
47 45.8 86
47 47.0 40
55 53.4 100
50 50.4 34
41 41.2 36
42 43.6 96
41 40.8 36
42 40.4 96
47 46.6 40
54 53.0 50
54 53.6 50
56 54.4 114
55 56.0 48
50 48.2 34
54 55.6 64
47 46.0 86
55 56.8 18
42 42.0 96
49 51.0 78
54 52.4 50
55 53.2 100
51 51.8 92
54 54.2 68
50 49.0 34
54 54.8 64
54 52.2 56
51 52.0 92
52 50.4 98
52 51.2 98
52 53.2 74
54 54.6 64
54 54.4 50
47 49.0 86
54 53.0 68
47 45.6 40
47 47.4 86
54 55.0 66
42 41.6 96
55 54.8 48
54 53.2 56
55 53.0 100
49 49.2 78
55 55.2 48
55 53.4 52
50 50.2 34
54 55.8 64
50 49.8 34
52 52.0 74
56 56.0 114
45 45.4 46
42 43.0 96
47 48.4 40
56 55.0 114
54 53.2 66
55 54.2 100
41 39.0 50
52 54.0 74
51 50.2 92
54 52.8 50
51 52.4 92
49 49.0 78
42 43.2 96
55 55.8 48
41 40.0 50
42 41.0 96
55 57.0 100
41 42.0 36
52 51.8 98
41 42.6 36
49 49.4 78
55 53.0 18
43 43.8 40
42 44.0 96
43 44.2 40
45 44.0 46
41 40.8 50
47 48.0 86
55 56.8 100
47 46.4 86
52 51.0 98
47 46.0 40
55 53.8 52
55 54.2 98
54 52.2 68
49 50.8 78
41 42.0 50
41 42.6 50
41 39.0 36
55 55.4 52
54 52.0 64
55 53.0 98
55 57.0 18
55 55.4 48
45 45.6 46
54 55.8 50
47 46.8 40
52 51.6 74
56 56.4 114
47 45.0 40
51 51.0 92
55 55.0 52
55 55.0 48
41 42.2 36
50 49.4 34
55 53.8 98
55 54.2 18
56 57.0 114
55 53.0 48
41 39.8 50
54 54.6 50
55 55.6 52
56 55.6 114
52 52.4 98
55 53.4 48
55 56.2 98
45 43.6 46
54 53.8 66
49 47.0 78
54 53.4 56
41 43.0 36
52 51.2 74
54 53.4 68
43 43.4 40
47 45.0 86
43 42.0 40
55 53.8 18
54 55.8 56
54 52.6 66
55 56.2 18
54 52.6 50
43 44.4 40
47 49.0 40
54 55.4 64
52 50.2 98
50 48.6 34
55 54.2 52
55 56.6 18
54 54.4 66
54 53.4 66
50 50.8 34
41 41.8 50
50 51.0 34
43 41.6 40
55 55.6 18
47 47.2 86
55 53.2 98
42 41.4 96
52 50.4 74
52 50.8 74
55 53.8 48
42 42.2 96
52 54.0 98
52 53.8 98
55 56.0 52
54 53.0 56
54 54.0 68
55 54.0 18
51 49.6 92
54 56.0 66
54 55.2 56
52 53.4 98
50 49.6 34
54 55.2 68
56 57.4 114
55 53.6 48
42 42.4 96
51 50.4 92
43 42.8 40
41 41.0 50
47 47.8 86
42 40.6 96
55 53.6 100
55 56.6 52
54 53.8 50
43 41.2 40
47 47.4 40
54 54.4 56
54 54.0 66
54 54.0 50
52 51.4 98
55 57.0 48
54 55.0 68
56 57.2 114
54 55.2 66
54 53.2 50
52 50.6 74
54 52.0 50
42 41.2 96
49 47.6 78
51 49.0 92
54 55.4 68
55 55.0 100
54 56.0 56
54 54.8 50
47 48.8 40
41 42.4 36
54 55.8 66
51 52.8 92
56 55.8 114
41 42.4 50
55 54.4 52
51 51.2 92
55 56.6 98
52 51.0 74
45 44.4 46
43 45.0 40
41 41.4 36
55 55.8 98
47 48.2 86
45 44.8 46
55 55.6 98
56 54.2 114
49 50.2 78
51 50.8 92
55 53.2 18
55 54.0 100
45 43.4 46
54 53.6 56
47 48.6 40
49 48.8 78
54 53.0 64
51 51.4 92
54 55.6 66
50 51.8 34
41 42.8 36
43 44.0 40
55 55.2 52
54 54.2 66
50 48.4 34
54 55.8 68
55 54.0 98
55 56.8 48
54 54.8 66
54 53.4 50
43 41.0 40
50 48.0 34
41 41.6 50
47 47.0 86
50 50.0 34
55 54.4 98
55 55.2 98
