40 40.0 42
45 43.4 76
45 44.2 96
56 57.6 102
40 41.8 42
45 46.6 78
47 46.2 78
50 49.0 62
51 51.2 36
53 51.4 56
46 47.0 44
56 57.0 104
53 52.0 56
53 51.4 48
45 43.2 78
53 52.2 54
53 51.2 46
40 40.8 42
46 45.6 92
56 55.6 104
48 49.2 80
56 54.8 102
46 45.8 92
43 43.8 0
48 46.8 90
44 45.8 68
52 53.4 44
48 48.0 58
52 54.0 44
45 44.0 78
45 45.0 76
48 46.4 80
53 54.4 46
51 51.6 36
47 47.0 42
53 55.0 92
43 42.6 0
51 49.6 48
53 54.8 48
50 51.8 62
48 49.8 80
45 46.4 96
44 45.4 80
48 47.0 88
52 50.2 44
51 49.8 36
44 45.2 94
47 46.6 42
48 46.8 88
44 44.8 94
53 54.2 52
48 50.0 88
48 49.6 58
53 51.4 92
51 52.8 48
47 48.8 78
44 43.6 68
48 50.0 80
45 46.4 76
40 39.4 42
47 46.0 78
53 53.6 54
45 43.4 78
47 46.0 42
55 54.8 64
56 56.2 102
50 49.2 2
53 54.8 46
48 46.0 88
43 41.8 66
46 44.8 44
43 43.2 66
48 50.0 58
44 44.4 94
47 47.6 42
45 46.8 76
56 56.4 104
48 48.4 80
56 56.6 102
47 46.8 42
44 43.8 94
53 52.4 48
47 45.0 42
53 53.0 54
47 45.6 42
54 56.0 60
54 55.0 60
47 47.2 42
52 51.0 44
48 48.0 80
52 52.4 44
53 52.8 92
53 53.8 54
53 51.8 46
53 52.2 46
46 47.2 92
45 45.0 78
53 53.8 46
50 51.2 2
48 47.8 80
44 46.0 80
48 48.4 58
43 44.2 0
46 46.0 92
48 47.4 90
56 56.0 102
54 53.8 60
40 38.0 42
56 54.0 102
45 45.8 76
45 46.8 78
53 51.2 54
55 55.4 64
46 46.4 92
50 49.8 2
45 45.2 100
44 43.2 80
43 43.0 0
53 52.8 46
40 38.6 42
45 44.4 78
45 44.8 78
51 49.8 48
51 49.4 36
45 45.6 100
48 48.6 58
47 49.0 42
43 42.4 66
53 51.2 48
43 44.6 66
43 41.2 0
54 54.4 60
53 54.0 54
51 50.4 36
44 42.2 80
51 51.4 48
55 56.2 64
56 54.4 104
53 55.0 46
56 55.0 102
53 54.2 56
44 45.0 80
48 46.2 90
44 45.2 68
51 50.0 36
55 53.0 64
40 41.0 42
45 44.0 96
43 44.0 0
46 46.0 44
51 50.4 48
52 50.4 44
46 47.2 44
48 49.0 80
45 47.0 76
43 45.0 66
48 49.4 58
44 44.6 68
45 43.0 76
46 44.2 92
44 45.4 94
47 45.4 78
48 48.8 88
45 45.6 76
53 51.0 46
48 47.6 58
45 45.0 100
53 52.6 54
53 52.8 48
47 45.0 78
53 53.8 56
51 51.2 48
46 46.8 44
47 47.2 78
53 53.2 48
46 48.0 44
53 54.6 92
48 49.0 90
53 53.2 92
54 54.2 60
55 54.0 64
40 40.6 42
50 48.2 2
45 45.4 96
53 53.0 92
48 49.2 88
45 46.0 76
50 52.0 62
53 52.4 46
53 51.8 56
45 44.8 100
53 52.4 54
45 43.2 100
44 44.8 80
45 46.6 76
47 47.0 78
53 52.6 92
55 55.2 64
53 54.6 54
45 44.6 96
40 39.2 42
46 44.8 92
46 48.0 92
45 43.6 100
50 50.4 2
53 53.8 48
54 52.4 60
43 43.0 66
48 48.6 90
52 51.8 44
50 49.0 2
47 47.4 78
48 46.6 90
56 54.2 102
44 45.0 68
48 49.2 90
45 44.6 76
48 48.2 90
44 42.6 80
48 46.8 80
43 43.2 0
44 43.0 80
45 44.4 96
44 45.4 68
56 55.8 102
45 44.2 76
44 43.2 94
56 56.8 104
53 52.8 54
52 51.2 44
45 43.4 100
50 50.6 2
48 48.2 58
55 53.2 64
53 52.0 92
53 53.4 52
43 41.0 0
53 54.4 52
45 46.2 100
53 53.4 48
56 57.8 102
46 45.0 92
53 51.6 52
45 44.6 100
46 45.4 44
53 52.4 92
51 52.2 36
52 51.4 44
53 51.6 48
44 43.4 80
44 42.0 80
53 51.0 54
55 55.8 64
48 47.2 88
53 53.0 52
44 44.6 80
51 52.4 36
51 50.2 48
53 52.6 46
50 48.6 62
40 38.2 42
53 53.0 48
48 48.2 88
47 48.6 42
45 45.0 96
44 44.0 94
53 55.0 48
48 49.2 58
43 44.6 0
54 55.6 60
56 58.0 102
46 46.6 92
45 43.6 96
45 46.6 100
53 52.0 54
45 45.2 76
44 42.4 94
45 46.4 78
51 53.0 48
53 53.6 52
55 54.2 64
50 48.8 2
53 53.4 46
44 43.6 94
48 46.2 88
45 43.0 78
47 47.4 42
43 43.4 66
43 44.2 66
51 52.4 48
48 46.6 88
44 45.6 80
54 55.2 60
44 42.8 94
45 43.8 100
56 55.2 102
50 49.2 62
46 46.4 44
48 47.6 80
53 53.8 92
44 44.2 68
54 52.6 60
50 51.4 2
55 56.6 64
40 41.2 42
53 51.4 46
45 43.2 76
53 52.2 52
52 52.8 44
45 46.8 100
44 42.4 68
56 55.6 102
43 41.4 66
48 47.8 90
56 57.4 104
45 45.8 78
54 53.4 60
47 48.8 42
45 45.4 78
43 41.6 66
53 55.0 54
48 47.8 58
45 43.8 78
50 51.6 2
56 57.2 102
51 49.0 48
48 49.8 58
40 38.8 42
44 42.4 80
48 46.8 58
53 53.4 56
48 48.0 90
53 54.4 56
53 55.0 56
45 45.4 100
48 49.6 88
51 49.0 36
51 50.0 48
53 51.6 56
51 52.2 48
53 51.8 52
43 44.8 0
46 45.4 92
47 45.8 78
45 44.4 100
45 44.0 76
50 48.0 62
48 47.6 90
51 52.6 48
52 52.0 44
53 53.2 56
43 42.0 0
51 51.8 36
54 52.8 60
53 51.2 56
53 53.0 56
53 51.6 46
40 40.2 42
43 41.6 0
53 53.6 56
43 41.2 66
46 46.6 44
48 46.0 90
46 44.0 44
53 53.6 48
52 53.6 44
43 41.0 66
53 54.8 56
47 48.2 78
46 45.8 44
45 44.2 100
44 45.8 80
44 44.4 80
44 43.4 94
56 54.6 102
53 51.0 48
43 42.2 66
53 53.2 54
54 54.0 60
43 44.4 0
44 43.8 68
56 56.6 104
45 43.4 96
51 51.6 48
44 44.0 80
48 46.4 58
51 51.0 48
48 49.4 80
53 53.4 92
46 46.2 44
56 57.4 102
50 48.6 2
53 51.4 54
53 51.0 56
53 51.2 92
44 43.2 68
53 51.6 92
52 53.2 44
46 44.6 92
55 53.6 64
53 52.2 56
48 47.4 88
43 42.2 0
50 52.0 2
48 46.0 58
48 48.0 88
43 43.8 66
54 53.6 60
46 44.4 44
48 49.0 58
55 57.0 64
46 45.2 92
53 54.2 48
50 48.0 2
45 46.8 96
53 52.4 52
43 41.4 0
56 55.4 104
40 39.0 42
48 47.4 58
47 45.2 42
50 51.6 62
53 54.0 92
45 43.8 96
46 44.4 92
51 50.2 36
40 38.4 42
50 49.6 2
50 50.0 62
48 48.8 58
54 55.4 60
46 47.4 44
48 48.6 80
51 51.8 48
51 53.0 36
47 45.4 42
46 47.4 92
45 44.0 100
47 46.8 78
45 44.6 78
56 55.0 104
53 51.8 48
53 51.6 54
48 48.2 80
48 49.4 88
46 45.6 44
50 50.0 2
44 45.0 94
48 50.0 90
53 53.2 52
53 52.8 56
51 50.8 48
53 52.2 92
50 49.4 2
43 44.4 66
53 51.0 92
46 44.6 44
45 45.4 76
45 47.0 100
45 47.0 78
44 46.0 68
51 52.0 48
54 54.8 60
56 57.8 104
48 46.2 80
44 44.4 68
53 54.8 52
48 48.8 90
51 52.6 36
46 47.8 44
44 43.8 80
55 56.4 64
43 43.6 66
45 47.0 96
54 54.6 60
44 42.2 68
48 46.6 80
50 50.2 2
53 53.0 46
50 48.4 62
45 43.6 76
53 51.8 54
50 48.8 62
56 57.6 104
45 46.0 100
44 43.4 68
43 43.4 0
45 45.8 96
40 39.6 42
47 46.6 78
48 47.6 88
43 42.8 0
53 54.8 92
53 51.8 92
55 56.8 64
52 52.6 44
55 54.4 64
48 46.2 58
52 50.8 44
56 57.0 102
48 49.6 90
54 55.8 60
56 56.0 104
44 42.8 68
47 47.8 78
56 54.8 104
45 45.8 100
47 47.6 78
52 51.6 44
53 52.4 56
48 46.4 90
56 55.2 104
47 46.4 78
48 49.4 90
47 46.4 42
53 54.6 56
44 44.2 94
48 47.0 90
45 44.8 76
44 44.8 68
53 54.4 48
45 46.0 96
48 49.6 80
47 45.2 78
53 54.4 92
53 54.0 48
44 43.6 80
44 42.2 94
51 49.2 36
53 52.0 48
53 54.0 56
56 54.4 102
55 56.0 64
53 54.2 46
45 44.8 96
53 54.2 54
48 47.0 58
47 48.4 78
53 55.0 52
50 51.0 2
44 43.0 94
45 43.8 76
48 46.4 88
55 54.6 64
53 52.8 52
50 50.8 2
48 47.2 80
51 49.2 48
56 56.8 102
50 49.6 62
51 51.0 36
55 53.8 64
56 56.2 104
53 53.6 92
51 51.4 36
47 48.0 42
47 49.0 78
54 52.0 60
45 46.2 78
48 48.4 90
48 47.0 80
43 45.0 0
56 56.4 102
43 42.0 66
53 52.6 48
50 50.2 62
56 55.8 104
45 46.6 96
50 51.2 62
53 52.6 56
54 53.0 60
40 42.0 42
50 51.4 62
53 54.6 46
45 44.4 76
50 50.4 62
45 45.2 78
56 58.0 104
53 53.8 52
53 52.2 48
45 46.2 76
44 44.0 68
55 55.6 64
48 47.4 80
48 46.0 80
45 45.2 96
52 50.6 44
47 45.6 78
56 54.0 104
44 42.6 68
47 45.8 42
53 51.2 52
48 48.4 88
47 46.2 42
45 46.0 78
46 46.8 92
56 54.6 104
44 43.0 68
51 52.8 36
43 43.6 0
40 41.4 42
46 46.2 92
52 53.8 44
44 45.6 94
53 54.6 48
43 42.8 66
44 42.8 80
48 46.6 58
53 54.6 52
53 51.4 52
40 39.8 42
50 48.2 62
50 50.6 62
46 45.0 44
45 43.0 100
46 44.0 92
47 48.2 42
48 47.8 88
50 51.0 62
56 54.2 104
53 54.2 92
43 42.4 0
48 48.6 88
48 47.2 58
53 54.0 52
44 45.2 80
45 43.2 96
45 45.6 96
54 53.2 60
44 42.0 68
53 54.8 54
47 48.6 78
51 52.0 36
56 55.4 102
45 44.2 78
53 52.0 46
46 44.2 44
56 57.2 104
50 51.8 2
48 49.8 90
51 50.6 48
44 44.2 80
50 50.8 62
53 53.4 54
51 49.6 36
43 44.0 66
53 54.4 54
54 52.2 60
50 48.4 2
48 49.8 88
44 42.0 94
51 50.6 36
50 49.8 62
43 41.8 0
46 47.6 92
53 51.0 52
51 49.4 48
47 48.0 78
44 45.6 68
46 47.0 92
45 45.6 78
48 47.2 90
40 41.6 42
53 52.6 52
52 53.0 44
44 44.6 94
46 45.2 44
53 52.0 52
53 53.2 46
45 43.0 96
55 55.0 64
55 53.4 64
48 49.0 88
46 47.8 92
45 46.4 100
53 53.6 46
44 46.0 94
52 50.0 44
40 40.4 42
47 48.4 42
44 45.8 94
45 46.2 96
43 42.6 66
52 52.2 44
50 49.4 62
43 44.8 66
48 48.8 80
46 47.6 44
45 43.6 78
47 47.8 42
53 54.0 46
44 42.6 94
51 50.8 36
