44 44.6 18
47 48.2 10
48 46.4 12
44 45.8 18
44 45.0 18
46 44.0 18
46 48.0 14
47 47.2 10
44 45.0 22
50 50.4 54
46 45.4 48
47 47.4 16
49 48.4 52
48 46.2 12
47 45.0 46
44 45.6 22
47 45.4 46
47 48.2 46
44 42.2 22
48 49.2 54
46 44.0 14
46 45.0 48
47 46.8 10
43 43.2 40
47 48.4 46
42 43.2 20
49 48.8 52
44 43.4 22
47 48.6 46
46 47.8 14
47 45.2 10
50 49.8 54
46 45.8 14
46 44.6 48
42 41.0 20
46 45.2 14
48 47.4 54
47 47.6 16
47 45.6 16
47 48.6 10
48 46.0 12
49 47.0 52
46 47.2 14
48 49.4 12
43 41.6 40
48 48.2 12
46 44.2 48
47 46.8 46
48 47.8 12
49 49.4 52
48 47.2 54
44 45.2 22
48 48.6 54
44 45.4 18
48 48.4 54
46 46.4 48
47 48.8 16
44 45.4 22
47 47.4 46
50 49.6 54
46 47.8 48
47 48.0 46
50 51.0 54
47 45.4 10
48 48.8 54
42 42.4 20
43 42.8 40
46 45.4 18
49 50.0 52
43 41.8 40
46 44.8 14
42 43.8 20
44 44.8 18
47 45.0 16
48 48.2 54
50 50.0 54
44 44.8 22
42 40.6 20
46 45.8 48
46 46.0 18
48 49.8 54
44 43.0 18
47 47.2 16
43 44.8 40
47 46.0 16
49 48.6 52
43 44.4 40
46 45.6 18
44 45.6 18
47 48.0 10
50 51.6 54
46 45.0 18
43 42.6 40
46 46.6 14
48 48.0 12
46 47.0 18
47 45.2 16
48 47.6 54
47 45.8 16
49 51.0 52
46 44.6 14
47 47.8 46
47 48.8 46
50 49.0 54
47 47.6 10
46 46.2 18
44 44.2 18
50 51.8 54
47 46.4 16
48 49.8 12
42 44.0 20
46 47.2 48
43 41.2 40
46 45.2 48
46 47.0 14
47 47.8 10
47 46.6 10
47 47.2 46
47 49.0 16
46 47.6 14
42 43.0 20
48 47.6 12
49 50.2 52
46 46.4 14
48 47.0 12
50 48.6 54
47 45.0 10
44 42.0 18
50 51.4 54
49 49.8 52
44 43.8 18
43 44.6 40
42 41.6 20
46 44.2 14
47 46.2 10
46 47.6 48
49 47.8 52
46 45.6 48
43 43.6 40
48 47.2 12
47 48.4 10
44 42.8 18
43 42.2 40
42 40.4 20
47 48.0 16
48 47.8 54
42 42.8 20
48 48.6 12
43 41.0 40
44 42.8 22
46 47.4 18
48 46.8 54
47 46.0 10
46 44.2 18
42 42.2 20
46 46.6 18
48 47.0 54
46 47.8 18
48 48.4 12
44 43.4 18
48 49.4 54
47 45.8 10
42 40.8 20
42 43.4 20
43 43.8 40
50 48.0 54
44 43.8 22
46 44.0 48
42 41.8 20
43 41.4 40
44 46.0 22
48 49.6 12
42 41.2 20
47 46.4 10
44 44.0 18
49 48.0 52
43 44.2 40
50 51.2 54
49 48.2 52
44 42.4 18
46 46.0 48
46 44.4 48
46 47.0 48
50 49.4 54
47 46.6 16
46 46.8 48
46 45.2 18
48 46.8 12
44 42.6 18
48 47.4 12
46 48.0 48
44 42.6 22
47 49.0 46
46 47.2 18
47 47.8 16
43 43.0 40
50 48.4 54
44 42.2 18
47 49.0 10
44 43.0 22
46 47.4 14
43 45.0 40
46 47.6 18
44 44.0 22
46 48.0 18
46 46.8 14
46 44.8 18
46 46.6 48
47 47.0 46
50 49.2 54
42 42.6 20
50 50.8 54
49 49.0 52
46 45.8 18
47 46.2 16
50 52.0 54
48 48.8 12
46 45.4 14
48 48.0 54
47 48.4 16
47 45.8 46
49 50.4 52
47 48.2 16
49 47.6 52
44 43.6 18
46 46.0 14
42 40.0 20
48 50.0 54
42 42.0 20
44 43.6 22
47 46.8 16
47 46.6 46
46 46.2 48
47 47.4 10
47 47.0 16
44 46.0 18
48 49.0 54
49 49.6 52
50 48.8 54
47 46.4 46
46 45.0 14
48 46.6 12
44 42.0 22
44 43.2 18
48 46.0 54
42 41.4 20
50 50.2 54
44 44.6 22
44 43.2 22
48 49.2 12
49 50.8 52
43 44.0 40
47 48.6 16
47 47.0 10
48 46.4 54
50 50.6 54
46 44.4 18
49 49.2 52
44 44.4 18
48 49.6 54
46 44.6 18
49 47.4 52
44 42.4 22
42 43.6 20
44 44.4 22
47 45.6 10
44 45.8 22
49 47.2 52
46 46.8 18
48 46.2 54
43 43.4 40
48 46.6 54
46 45.6 14
49 50.6 52
44 44.2 22
47 46.0 46
47 45.2 46
43 42.0 40
47 47.6 46
50 48.2 54
43 42.4 40
42 40.2 20
47 45.4 16
48 49.0 12
46 47.4 48
48 50.0 12
47 46.2 46
47 45.6 46
46 46.2 14
46 44.8 48
46 46.4 18
47 48.8 10
46 44.4 14
44 45.2 18
