70 42.6 164
65 43.6 120
70 45.6 130
67 43.0 60
66 46.2 146
71 41.6 164
70 43.4 64
68 43.6 60
70 46.4 130
78 41.2 156
71 43.4 166
72 45.4 126
80 40.2 158
70 45.2 64
78 39.2 156
78 40.0 156
65 43.4 146
70 44.8 164
71 41.8 164
72 45.0 126
66 45.4 146
65 45.6 146
70 48.0 130
67 43.2 60
68 43.0 60
68 45.6 60
70 44.8 64
66 46.8 146
68 43.4 60
80 40.0 158
70 46.2 130
66 47.0 146
72 43.0 126
66 46.6 146
63 47.0 76
80 41.6 158
71 42.6 164
70 45.4 64
65 46.0 120
65 44.4 120
65 45.4 120
65 46.4 120
72 42.4 66
63 46.0 76
65 47.0 120
63 45.4 76
78 42.6 156
72 43.6 126
78 43.0 156
71 41.4 166
70 45.8 130
72 43.2 126
80 39.0 158
66 43.6 146
65 45.6 120
70 47.0 130
71 42.4 164
80 39.6 158
78 41.4 156
78 40.6 156
70 43.6 64
65 43.6 146
65 43.8 146
78 42.4 156
65 46.0 146
72 42.8 126
63 46.6 76
70 44.2 164
66 43.8 146
80 39.4 158
70 41.8 164
71 41.2 164
71 44.8 166
70 44.0 164
80 41.8 158
70 46.6 64
72 44.8 126
68 46.0 60
67 44.4 60
71 44.0 166
70 45.0 64
66 45.2 146
70 43.4 164
65 46.6 146
66 44.4 146
71 43.0 166
65 45.0 146
80 39.8 158
78 42.0 156
72 44.4 126
67 43.8 60
67 46.2 60
68 46.8 60
70 41.6 164
71 43.6 164
72 44.8 66
72 43.2 66
71 41.8 166
70 44.6 64
71 43.4 164
71 42.8 166
80 42.2 158
70 47.0 64
63 47.4 76
78 40.2 156
67 46.4 60
78 41.6 156
68 43.2 60
67 46.0 60
72 42.4 126
72 42.6 126
65 44.2 120
66 45.0 146
71 43.2 164
68 44.2 60
63 49.0 76
68 47.0 60
66 46.4 146
72 42.2 126
70 44.8 130
67 43.4 60
71 42.6 166
80 42.0 158
71 42.2 164
70 45.6 64
67 45.2 60
72 42.0 126
72 43.4 126
63 48.0 76
78 39.0 156
80 40.6 158
80 42.6 158
70 45.0 130
65 44.6 146
70 46.8 64
72 44.6 126
80 43.0 158
71 44.4 164
65 43.8 120
68 46.6 60
68 44.8 60
70 43.8 164
71 41.0 164
71 44.6 166
67 45.4 60
80 41.4 158
70 44.4 130
72 45.0 66
72 42.0 66
67 44.8 60
63 46.2 76
72 43.8 126
78 39.6 156
67 44.2 60
72 43.8 66
70 45.4 130
71 43.0 164
67 43.6 60
65 46.4 146
65 43.0 120
65 47.0 146
70 42.2 164
70 46.0 130
63 46.4 76
71 41.6 166
72 45.2 66
66 46.0 146
65 46.6 120
63 45.6 76
70 45.8 64
70 44.4 164
72 45.8 66
71 43.6 166
71 43.8 166
78 40.4 156
63 47.2 76
66 43.4 146
80 40.4 158
72 43.0 66
65 43.2 120
71 42.8 164
63 45.0 76
65 44.2 146
67 46.6 60
80 41.2 158
70 44.0 130
70 44.6 164
70 42.0 164
71 43.2 166
78 40.8 156
63 48.6 76
71 42.0 166
72 45.6 126
70 43.0 64
65 46.2 120
70 43.6 164
72 44.2 126
65 45.4 146
65 46.8 146
65 45.8 146
70 46.8 130
72 44.6 66
72 42.2 66
65 43.0 146
63 45.8 76
63 47.8 76
67 45.0 60
72 45.6 66
65 44.0 146
71 42.2 166
66 45.8 146
70 47.2 130
66 44.2 146
65 46.8 120
72 44.4 66
70 44.2 130
70 42.4 164
68 46.4 60
70 47.6 130
71 41.0 166
71 44.2 166
71 45.0 164
63 48.8 76
71 44.4 166
65 45.2 146
78 41.8 156
66 43.2 146
72 46.0 126
65 45.0 120
70 43.2 64
63 47.6 76
71 44.6 164
67 44.6 60
67 47.0 60
68 45.4 60
68 46.2 60
72 42.8 66
65 43.2 146
70 44.2 64
68 43.8 60
70 47.8 130
71 41.4 164
71 44.8 164
65 44.0 120
70 41.4 164
65 44.8 120
80 41.0 158
65 44.6 120
66 44.8 146
65 44.4 146
70 41.0 164
71 43.8 164
66 44.0 146
68 44.4 60
67 44.0 60
72 45.4 66
72 46.0 66
68 45.8 60
65 43.4 120
67 46.8 60
65 44.8 146
80 42.4 158
72 43.4 66
80 42.8 158
70 43.0 164
78 42.8 156
70 45.2 130
63 46.8 76
70 47.4 130
68 45.0 60
78 42.2 156
80 39.2 158
70 44.6 130
78 39.4 156
71 42.0 164
72 44.0 126
70 43.8 64
70 46.2 64
68 44.0 60
72 45.2 126
70 44.4 64
70 43.2 164
70 44.0 64
71 42.4 166
72 43.6 66
78 41.0 156
70 45.0 164
66 43.0 146
72 44.0 66
72 45.8 126
72 42.6 66
66 45.6 146
80 40.8 158
63 48.2 76
70 46.0 64
70 46.6 130
67 45.8 60
70 42.8 164
63 48.4 76
68 44.6 60
71 44.2 164
71 45.0 166
67 45.6 60
66 44.6 146
65 45.8 120
71 44.0 164
63 45.2 76
70 46.4 64
65 46.2 146
71 41.2 166
78 39.8 156
65 45.2 120
68 45.2 60
70 41.2 164
72 44.2 66
