69 39.4 156
69 41.6 154
82 48.4 80
70 53.0 76
61 42.4 160
82 49.0 80
70 51.6 76
69 39.0 156
69 40.2 156
69 41.4 154
68 51.4 74
70 42.2 160
70 40.2 154
69 39.4 154
70 42.0 160
69 40.6 156
83 49.6 84
70 39.6 160
82 45.0 80
70 39.0 154
61 43.2 160
82 45.8 80
68 40.4 162
61 41.2 160
69 39.2 156
83 46.2 84
68 42.4 162
70 41.8 154
70 39.8 160
69 39.6 156
61 43.0 160
68 40.0 162
68 52.0 74
70 49.4 76
70 42.4 160
68 40.6 162
70 49.8 76
83 48.4 84
83 49.8 84
69 42.6 154
61 40.4 160
68 51.8 74
68 41.8 162
69 39.8 154
70 49.2 76
70 39.6 154
61 41.4 160
69 38.0 156
70 42.8 154
70 49.0 76
82 48.0 80
70 50.8 76
68 44.0 162
70 41.4 160
61 42.8 160
70 51.8 76
70 39.2 154
70 42.6 160
70 51.2 76
61 43.4 160
82 45.4 80
83 48.8 84
83 47.2 84
69 42.2 154
70 41.0 160
61 40.0 160
69 38.6 156
69 40.2 154
82 46.6 80
69 41.8 154
61 41.0 160
70 49.6 76
70 50.6 76
82 48.6 80
83 48.2 84
70 43.0 160
69 40.6 154
70 40.8 160
83 48.6 84
68 53.0 74
68 40.2 162
69 42.8 154
61 43.6 160
69 39.2 154
83 47.0 84
82 47.0 80
70 50.4 76
82 46.8 80
70 40.2 160
70 41.0 154
70 42.0 154
69 39.6 154
69 43.0 154
68 49.0 74
61 42.0 160
70 40.8 154
69 42.4 154
68 49.2 74
82 47.4 80
70 42.6 154
70 42.8 160
83 49.0 84
68 43.0 162
69 41.4 156
70 50.2 76
82 45.2 80
69 39.8 156
70 41.4 154
68 49.8 74
70 41.2 160
70 40.6 160
68 42.2 162
68 50.8 74
82 47.8 80
68 49.4 74
68 43.6 162
68 43.4 162
70 43.0 154
83 46.8 84
83 49.2 84
70 52.6 76
70 51.4 76
82 47.2 80
69 40.8 154
82 48.2 80
68 52.4 74
70 39.4 160
68 40.8 162
69 41.8 156
69 41.2 156
70 51.0 76
70 39.0 160
83 47.8 84
82 45.6 80
83 49.4 84
70 52.0 76
82 47.6 80
69 42.0 156
68 41.4 162
70 40.0 154
68 51.0 74
61 41.8 160
69 40.4 156
68 50.2 74
83 46.4 84
70 40.4 154
68 50.0 74
61 41.6 160
70 52.8 76
61 40.2 160
83 46.0 84
61 42.2 160
70 41.2 154
68 50.4 74
69 40.0 154
69 40.4 154
68 52.6 74
70 41.8 160
69 41.0 156
68 42.8 162
83 47.4 84
69 41.6 156
68 42.0 162
69 41.0 154
61 40.8 160
70 40.4 160
68 41.0 162
69 39.0 154
70 52.2 76
70 41.6 160
61 43.8 160
68 51.6 74
70 42.2 154
68 41.2 162
61 44.0 160
69 38.4 156
82 46.2 80
68 49.6 74
69 41.2 154
82 48.8 80
69 40.8 156
70 52.4 76
83 48.0 84
61 42.6 160
69 40.0 156
68 43.8 162
70 39.4 154
61 40.6 160
68 41.6 162
82 46.4 80
70 40.6 154
70 39.8 154
70 40.0 160
83 50.0 84
69 42.0 154
68 43.2 162
68 52.8 74
68 50.6 74
69 38.8 156
70 39.2 160
70 41.6 154
82 46.0 80
69 38.2 156
68 42.6 162
68 51.2 74
70 42.4 154
83 47.6 84
83 46.6 84
68 52.2 74
70 50.0 76
